Build started 4/20/2015 7:17:33 PM.
     1>Project "c:\Users\chris\documents\visual studio 2013\Projects\Chapter15_Recursion_Solution\Chapter15_Recursion_Project\Chapter15_Recursion_Project.vcxproj" on node 2 (Build target(s)).
     1>ClCompile:
         C:\Program Files (x86)\Microsoft Visual Studio 12.0\VC\bin\CL.exe /c /ZI /nologo /W3 /WX- /sdl /Od /Oy- /D WIN32 /D _DEBUG /D _CONSOLE /D _LIB /D _UNICODE /D UNICODE /Gm /EHsc /RTC1 /MDd /GS /fp:precise /Zc:wchar_t /Zc:forScope /Fo"Debug\\" /Fd"Debug\vc120.pdb" /Gd /TP /analyze- /errorReport:prompt Source.cpp
         Source.cpp
     1>c:\users\chris\documents\visual studio 2013\projects\chapter15_recursion_solution\chapter15_recursion_project\source.cpp(23): error C4716: 'factorial' : must return a value
     1>Done Building Project "c:\Users\chris\documents\visual studio 2013\Projects\Chapter15_Recursion_Solution\Chapter15_Recursion_Project\Chapter15_Recursion_Project.vcxproj" (Build target(s)) -- FAILED.

Build FAILED.

Time Elapsed 00:00:00.23
